#
# A fatal error has been detected by the Java Runtime Environment:
#
#  Internal Error (classFileParser.cpp:3075), pid=2064, tid=5248
#  Error: ShouldNotReachHere()
#
# JRE version: 6.0_17-b04
# Java VM: Java HotSpot(TM) Client VM (14.3-b01 mixed mode windows-x86 )
# If you would like to submit a bug report, please visit:
#   http://java.sun.com/webapps/bugreport/crash.jsp
#

---------------  T H R E A D  ---------------

Current thread (0x0189ec00):  JavaThread "Unknown thread" [_thread_in_vm, id=5248, stack(0x00760000,0x007b0000)]

Stack: [0x00760000,0x007b0000],  sp=0x007af8f8,  free space=318k
Native frames: (J=compiled Java code, j=interpreted, Vv=VM code, C=native code)
V  [jvm.dll+0x1e66b7]
V  [jvm.dll+0xa0c09]
V  [jvm.dll+0x73792]
V  [jvm.dll+0x74e04]
V  [jvm.dll+0x1b6326]
V  [jvm.dll+0x1b69be]
V  [jvm.dll+0x1b6d75]
V  [jvm.dll+0x1b6dbb]
V  [jvm.dll+0x1b6ee2]
V  [jvm.dll+0x1b6f5a]
V  [jvm.dll+0x1b700d]
V  [jvm.dll+0x1b7222]
V  [jvm.dll+0x1d6143]
V  [jvm.dll+0x1d657c]
V  [jvm.dll+0xd66f1]
V  [jvm.dll+0x1d05d2]
V  [jvm.dll+0xfedc0]
C  [javaw.exe+0x1657]
C  [javaw.exe+0x1e2c]
C  [javaw.exe+0x833e]
C  [kernel32.dll+0x51154]
C  [ntdll.dll+0x5b299]
C  [ntdll.dll+0x5b26c]


---------------  P R O C E S S  ---------------

Java Threads: ( => current thread )

Other Threads:

=>0x0189ec00 (exited) JavaThread "Unknown thread" [_thread_in_vm, id=5248, stack(0x00760000,0x007b0000)]

VM state:not at safepoint (not fully initialized)

VM Mutex/Monitor currently owned by a thread: None

Dynamic libraries:
0x00400000 - 0x00424000 	C:\Program Files\Java\jdk1.6.0_17\bin\javaw.exe
0x76db0000 - 0x76eec000 	C:\Windows\SYSTEM32\ntdll.dll
0x75f00000 - 0x75fd4000 	C:\Windows\system32\kernel32.dll
0x74f20000 - 0x74f6b000 	C:\Windows\system32\KERNELBASE.dll
0x75ce0000 - 0x75d80000 	C:\Windows\system32\ADVAPI32.dll
0x75c10000 - 0x75cbc000 	C:\Windows\system32\msvcrt.dll
0x75cc0000 - 0x75cd9000 	C:\Windows\SYSTEM32\sechost.dll
0x758b0000 - 0x75951000 	C:\Windows\system32\RPCRT4.dll
0x753c0000 - 0x75489000 	C:\Windows\system32\USER32.dll
0x755f0000 - 0x7563e000 	C:\Windows\system32\GDI32.dll
0x74f90000 - 0x74f9a000 	C:\Windows\system32\LPK.dll
0x75d80000 - 0x75e1d000 	C:\Windows\system32\USP10.dll
0x74ae0000 - 0x74b2b000 	C:\Windows\system32\apphelp.dll
0x71b80000 - 0x71c0c000 	C:\Windows\AppPatch\AcLayers.DLL
0x74ac0000 - 0x74ada000 	C:\Windows\system32\SspiCli.dll
0x76040000 - 0x76c89000 	C:\Windows\system32\SHELL32.dll
0x75960000 - 0x759b7000 	C:\Windows\system32\SHLWAPI.dll
0x75260000 - 0x753bc000 	C:\Windows\system32\ole32.dll
0x75e20000 - 0x75eaf000 	C:\Windows\system32\OLEAUT32.dll
0x74210000 - 0x74227000 	C:\Windows\system32\USERENV.dll
0x74bf0000 - 0x74bfb000 	C:\Windows\system32\profapi.dll
0x6c320000 - 0x6c371000 	C:\Windows\system32\WINSPOOL.DRV
0x6e840000 - 0x6e852000 	C:\Windows\system32\MPR.dll
0x75490000 - 0x754af000 	C:\Windows\system32\IMM32.DLL
0x756c0000 - 0x7578c000 	C:\Windows\system32\MSCTF.dll
0x74bb0000 - 0x74be8000 	C:\Windows\system32\nvinit.dll
0x7c340000 - 0x7c396000 	C:\Program Files\Java\jdk1.6.0_17\jre\bin\msvcr71.dll
0x6d8b0000 - 0x6db3b000 	C:\Program Files\Java\jdk1.6.0_17\jre\bin\client\jvm.dll
0x74d90000 - 0x74dc2000 	C:\Windows\system32\WINMM.dll
0x6d860000 - 0x6d86c000 	C:\Program Files\Java\jdk1.6.0_17\jre\bin\verify.dll
0x6d3e0000 - 0x6d3ff000 	C:\Program Files\Java\jdk1.6.0_17\jre\bin\java.dll
0x6d340000 - 0x6d348000 	C:\Program Files\Java\jdk1.6.0_17\jre\bin\hpi.dll
0x76ef0000 - 0x76ef5000 	C:\Windows\system32\PSAPI.DLL
0x6d430000 - 0x6d459000 	C:\Program Files\Java\jdk1.6.0_17\jre\bin\jdwp.dll
0x6d750000 - 0x6d756000 	C:\Program Files\Java\jdk1.6.0_17\jre\bin\npt.dll
0x6d8a0000 - 0x6d8af000 	C:\Program Files\Java\jdk1.6.0_17\jre\bin\zip.dll

VM Arguments:
jvm_args: -agentlib:jdwp=transport=dt_socket,suspend=y,address=localhost:65087 -Dfile.encoding=UTF-8 -Xbootclasspath:D:\tools\sdk\platforms\android-17\android.jar 
java_command: com.yy.yyapp.Test
Launcher Type: SUN_STANDARD

Environment Variables:
JAVA_HOME=C:\Program Files\Java\jdk1.6.0_17
CLASSPATH=C:\Program Files\Java\jdk1.6.0_17\lib\dt.jar;C:\Program Files\Java\jdk1.6.0_17\lib\tools.jar;
PATH=C:\Program Files\Java\jdk1.6.0_17\jre\bin;C:/Program Files/Java/jdk1.6.0_17/bin/../jre/bin/client;C:/Program Files/Java/jdk1.6.0_17/bin/../jre/bin;C:/Program Files/Java/jdk1.6.0_17/bin/../jre/lib/i386;c:\program files\graphicsmagick-1.3.19-q16;C:\Program Files\Common Files\NetSarang;D:\tools\sybase\RPL-12_5\bin;D:\tools\sybase\Shared\Sybase Central 4.3;D:\tools\sybase\OCS-12_5\lib3p;D:\tools\sybase\OCS-12_5\dll;D:\tools\sybase\OCS-12_5\bin;D:\tools\sybase\ASE-12_5\dll;D:\tools\sybase\ASE-12_5\bin;D:\tools\sdk\platform-tools;D:\app\tgf\product\11.2.0\client_2\bin;.;C:\Program Files\Java\jdk1.6.0_17\bin;C:\Windows\system32;C:\Windows;C:\Windows\System32\Wbem;C:\Windows\System32\WindowsPowerShell\v1.0\;D:\tools\TortoiseSVN\bin;D:\tools\SSH Communications Security\SSH Secure Shell;D:\tools\nodejs\;D:\tools\Heroku\bin;C:\Program Files\ruby-1.9.2\bin;C:\Program Files\git\bin;C:\Program Files\git\cmd;D:\Server\maven\bin;D:\tools\SSH Communications Security\SSH Secure Shell;C:\Users\tgf\AppData\Roaming\npm;D:\tools\eclipse;
USERNAME=tgf
OS=Windows_NT
PROCESSOR_IDENTIFIER=x86 Family 6 Model 37 Stepping 5, GenuineIntel



---------------  S Y S T E M  ---------------

OS: Windows 7 Build 7600 

CPU:total 4 (8 cores per cpu, 2 threads per core) family 6 model 37 stepping 5, cmov, cx8, fxsr, mmx, sse, sse2, sse3, ssse3, sse4.1, sse4.2, ht

Memory: 4k page, physical 2097151k(656756k free), swap 4194303k(3145276k free)

vm_info: Java HotSpot(TM) Client VM (14.3-b01) for windows-x86 JRE (1.6.0_17-b04), built on Oct 11 2009 00:52:06 by "java_re" with MS VC++ 7.1

time: Sat Sep 19 11:18:00 2015
elapsed time: 0 seconds

